<?xml version="1.0" encoding="UTF-8"?>
<!-- Generated by org.testng.reporters.JUnitXMLReporter -->
<testsuite ignored="0" hostname="BOOK-CCH8R5HSNU" failures="1" tests="1" name="Test" time="7.004" errors="0" timestamp="2023-12-08T21:13:48 GMT">
  <testcase classname="testCases.TestLogin" name="login" time="0.0">
    <failure type="java.lang.RuntimeException" message="java.lang.NullPointerException: Cannot invoke &amp;quot;com.google.gson.JsonObject.getAsJsonArray(String)&amp;quot; because &amp;quot;job&amp;quot; is null">
      <![CDATA[java.lang.RuntimeException: java.lang.NullPointerException: Cannot invoke "com.google.gson.JsonObject.getAsJsonArray(String)" because "job" is null
at java.base/java.util.ArrayList.forEach(ArrayList.java:1511)
Caused by: java.lang.NullPointerException: Cannot invoke "com.google.gson.JsonObject.getAsJsonArray(String)" because "job" is null
at testBase.BaseTest.getTestData(BaseTest.java:122)
at testCases.TestLogin.getaccountdata(TestLogin.java:45)
... 25 more
... Removed 32 stack frames]]>
    </failure>
  </testcase> <!-- login -->
</testsuite> <!-- Test -->
