<?xml version="1.0" encoding="UTF-8"?>
<testng-results ignored="0" total="1" passed="1" failed="0" skipped="0">
  <reporter-output>
  </reporter-output>
  <suite started-at="2024-01-08T20:48:30 GMT" name="Suite" finished-at="2024-01-08T20:48:39 GMT" duration-ms="8953">
    <groups>
    </groups>
    <test started-at="2024-01-08T20:48:30 GMT" name="Test" finished-at="2024-01-08T20:48:39 GMT" duration-ms="8953">
      <class name="testCases.Cricbuzz">
        <test-method is-config="true" signature="setup(java.lang.String)[pri:0, instance:testCases.Cricbuzz@2034b64c]" started-at="2024-01-08T20:48:30 GMT" name="setup" finished-at="2024-01-08T20:48:37 GMT" duration-ms="6794" status="PASS">
          <params>
            <param index="0">
              <value>
                <![CDATA[chrome]]>
              </value>
            </param>
          </params>
          <reporter-output>
          </reporter-output>
        </test-method> <!-- setup -->
        <test-method signature="score(java.util.Hashtable)[pri:0, instance:testCases.Cricbuzz@2034b64c]" started-at="2024-01-08T20:48:37 GMT" name="score" data-provider="getaccountdata" finished-at="2024-01-08T20:48:38 GMT" duration-ms="1570" status="PASS">
          <params>
            <param index="0">
              <value>
                <![CDATA[{DomainName=automationDomain, TableName=Ms Sales, Password=welcome, ReportName=UpgradeRunReport, AppURL=https://www.cricbuzz.com, UserName=vinay reddy manikhyala}]]>
              </value>
            </param>
          </params>
          <reporter-output>
          </reporter-output>
        </test-method> <!-- score -->
        <test-method is-config="true" signature="teardown()[pri:0, instance:testCases.Cricbuzz@2034b64c]" started-at="2024-01-08T20:48:38 GMT" name="teardown" finished-at="2024-01-08T20:48:39 GMT" duration-ms="194" status="PASS">
          <reporter-output>
          </reporter-output>
        </test-method> <!-- teardown -->
      </class> <!-- testCases.Cricbuzz -->
    </test> <!-- Test -->
  </suite> <!-- Suite -->
</testng-results>
